<?xml version="1.0" encoding="UTF-8"?>
<!-- Generated by org.testng.reporters.JUnitReportReporter -->
<testsuite hostname="DESKTOP-DFDMCL2" failures="0" tests="2" name="TestClassPakage1.TestClass" time="13.771" errors="0" timestamp="2022-03-16T17:18:05 IST" skipped="0">
  <testcase classname="TestClassPakage1.TestClass" name="verifyUserTimeTrackTab" time="4.098"/>
  <system-out>
    <![CDATA[ --- Time Track  --- ]]>
  </system-out>
  <testcase classname="TestClassPakage1.TestClass" name="verifyUserTasks" time="9.673"/>
  <system-out>
    <![CDATA[ --- Task --- ]]>
  </system-out>
</testsuite> <!-- TestClassPakage1.TestClass -->
