<?xml version="1.0" encoding="UTF-8"?>
<!-- Generated by org.testng.reporters.JUnitReportReporter -->
<testsuite hostname="DESKTOP-DFDMCL2" failures="0" tests="2" name="TestClassPakage1.VerifyApplicationHeader" time="9.690" errors="0" timestamp="2022-03-16T19:07:48 IST" skipped="0">
  <testcase classname="TestClassPakage1.VerifyApplicationHeader" name="verifyUserTimeTrackTab" time="4.217"/>
  <system-out>
    <![CDATA[ --- Time Track  --- ]]>
  </system-out>
  <testcase classname="TestClassPakage1.VerifyApplicationHeader" name="verifyUserTasks" time="5.473"/>
  <system-out>
    <![CDATA[ --- Task --- ]]>
  </system-out>
</testsuite> <!-- TestClassPakage1.VerifyApplicationHeader -->
